<?xml version="1.0" encoding="UTF-8"?>
<testng-results ignored="0" total="1" passed="1" failed="0" skipped="0">
  <reporter-output>
  </reporter-output>
  <suite started-at="2025-07-22T11:03:15 IST" name="Default suite" finished-at="2025-07-22T11:03:16 IST" duration-ms="1054">
    <groups>
    </groups>
    <test started-at="2025-07-22T11:03:15 IST" name="Default test" finished-at="2025-07-22T11:03:16 IST" duration-ms="1054">
      <class name="DataProviders.SauceDemo">
        <test-method signature="readDataFromExcel()[pri:0, instance:DataProviders.SauceDemo@5e17553a]" started-at="2025-07-22T11:03:15 IST" name="readDataFromExcel" finished-at="2025-07-22T11:03:16 IST" duration-ms="926" status="PASS">
          <reporter-output>
          </reporter-output>
        </test-method> <!-- readDataFromExcel -->
      </class> <!-- DataProviders.SauceDemo -->
    </test> <!-- Default test -->
  </suite> <!-- Default suite -->
</testng-results>
