<?xml version="1.0" encoding="UTF-8"?>
<!-- Generated by org.testng.reporters.JUnitReportReporter -->
<testsuite hostname="HP" failures="0" tests="7" name="SauceDemoAutomationTestingFramework.ReadDataFromExcelFile" time="0.030" errors="0" timestamp="2025-07-16T13:43:35 IST" skipped="0">
  <testcase classname="SauceDemoAutomationTestingFramework.ReadDataFromExcelFile" name="sauceLabDemoLogin" time="0.004"/>
  <testcase classname="SauceDemoAutomationTestingFramework.ReadDataFromExcelFile" name="sauceLabDemoLogin" time="0.006"/>
  <testcase classname="SauceDemoAutomationTestingFramework.ReadDataFromExcelFile" name="sauceLabDemoLogin" time="0.004"/>
  <testcase classname="SauceDemoAutomationTestingFramework.ReadDataFromExcelFile" name="sauceLabDemoLogin" time="0.004"/>
  <testcase classname="SauceDemoAutomationTestingFramework.ReadDataFromExcelFile" name="sauceLabDemoLogin" time="0.004"/>
  <testcase classname="SauceDemoAutomationTestingFramework.ReadDataFromExcelFile" name="sauceLabDemoLogin" time="0.005"/>
  <testcase classname="SauceDemoAutomationTestingFramework.ReadDataFromExcelFile" name="sauceLabDemoLogin" time="0.003"/>
</testsuite> <!-- SauceDemoAutomationTestingFramework.ReadDataFromExcelFile -->
