<?xml version="1.0" encoding="UTF-8"?>
<!-- Generated by org.testng.reporters.JUnitReportReporter -->
<testsuite hostname="HP" failures="0" tests="2" name="SauceDemoAutomationTestingFramework.SauceDemoLoginTest" time="0.614" errors="0" timestamp="2025-07-16T13:43:35 IST" skipped="0">
  <testcase classname="SauceDemoAutomationTestingFramework.SauceDemoLoginTest" name="verifyCartItems" time="0.103"/>
  <testcase classname="SauceDemoAutomationTestingFramework.SauceDemoLoginTest" name="verifyLoginWithValidCredentials" time="0.511"/>
</testsuite> <!-- SauceDemoAutomationTestingFramework.SauceDemoLoginTest -->
